This is pdfTeX, Version 3.14159265-2.6-1.40.19 (TeX Live 2018) (preloaded format=pdflatex 2019.4.4)  22 JUN 2021 23:56
entering extended mode
 restricted \write18 enabled.
 %&-line parsing enabled.
**CV.tex
(./CV.tex
LaTeX2e <2018-04-01> patch level 2
Babel <3.18> and hyphenation patterns for 84 language(s) loaded.
(/usr/local/texlive/2018/texmf-dist/tex/latex/base/article.cls
Document Class: article 2014/09/29 v1.4h Standard LaTeX document class
(/usr/local/texlive/2018/texmf-dist/tex/latex/base/size10.clo
File: size10.clo 2014/09/29 v1.4h Standard LaTeX file (size option)
)
\c@part=\count80
\c@section=\count81
\c@subsection=\count82
\c@subsubsection=\count83
\c@paragraph=\count84
\c@subparagraph=\count85
\c@figure=\count86
\c@table=\count87
\abovecaptionskip=\skip41
\belowcaptionskip=\skip42
\bibindent=\dimen102
)
(/usr/local/texlive/2018/texmf-dist/tex/latex/tools/calc.sty
Package: calc 2017/05/25 v4.3 Infix arithmetic (KKT,FJ)
\calc@Acount=\count88
\calc@Bcount=\count89
\calc@Adimen=\dimen103
\calc@Bdimen=\dimen104
\calc@Askip=\skip43
\calc@Bskip=\skip44
LaTeX Info: Redefining \setlength on input line 80.
LaTeX Info: Redefining \addtolength on input line 81.
\calc@Ccount=\count90
\calc@Cskip=\skip45
)
(/usr/local/texlive/2018/texmf-dist/tex/latex/graphics/graphicx.sty
Package: graphicx 2017/06/01 v1.1a Enhanced LaTeX Graphics (DPC,SPQR)

(/usr/local/texlive/2018/texmf-dist/tex/latex/graphics/keyval.sty
Package: keyval 2014/10/28 v1.15 key=value parser (DPC)
\KV@toks@=\toks14
)
(/usr/local/texlive/2018/texmf-dist/tex/latex/graphics/graphics.sty
Package: graphics 2017/06/25 v1.2c Standard LaTeX Graphics (DPC,SPQR)

(/usr/local/texlive/2018/texmf-dist/tex/latex/graphics/trig.sty
Package: trig 2016/01/03 v1.10 sin cos tan (DPC)
)
(/usr/local/texlive/2018/texmf-dist/tex/latex/graphics-cfg/graphics.cfg
File: graphics.cfg 2016/06/04 v1.11 sample graphics configuration
)
Package graphics Info: Driver file: pdftex.def on input line 99.

(/usr/local/texlive/2018/texmf-dist/tex/latex/graphics-def/pdftex.def
File: pdftex.def 2018/01/08 v1.0l Graphics/color driver for pdftex
))
\Gin@req@height=\dimen105
\Gin@req@width=\dimen106
)
(/usr/local/texlive/2018/texmf-dist/tex/latex/geometry/geometry.sty
Package: geometry 2018/03/24 v5.7 Page Geometry

(/usr/local/texlive/2018/texmf-dist/tex/generic/oberdiek/ifpdf.sty
Package: ifpdf 2017/03/15 v3.2 Provides the ifpdf switch
)
(/usr/local/texlive/2018/texmf-dist/tex/generic/oberdiek/ifvtex.sty
Package: ifvtex 2016/05/16 v1.6 Detect VTeX and its facilities (HO)
Package ifvtex Info: VTeX not detected.
)
(/usr/local/texlive/2018/texmf-dist/tex/generic/ifxetex/ifxetex.sty
Package: ifxetex 2010/09/12 v0.6 Provides ifxetex conditional
)
\Gm@cnth=\count91
\Gm@cntv=\count92
\c@Gm@tempcnt=\count93
\Gm@bindingoffset=\dimen107
\Gm@wd@mp=\dimen108
\Gm@odd@mp=\dimen109
\Gm@even@mp=\dimen110
\Gm@layoutwidth=\dimen111
\Gm@layoutheight=\dimen112
\Gm@layouthoffset=\dimen113
\Gm@layoutvoffset=\dimen114
\Gm@dimlist=\toks15
)
(/usr/local/texlive/2018/texmf-dist/tex/latex/enumitem/enumitem.sty
Package: enumitem 2011/09/28 v3.5.2 Customized lists
\labelindent=\skip46
\enit@outerparindent=\dimen115
\enit@toks=\toks16
\enit@inbox=\box26
\enitdp@description=\count94
)
(/usr/local/texlive/2018/texmf-dist/tex/latex/base/ifthen.sty
Package: ifthen 2014/09/29 v1.1c Standard LaTeX ifthen package (DPC)
)
(/usr/local/texlive/2018/texmf-dist/tex/generic/ulem/ulem.sty
\UL@box=\box27
\UL@hyphenbox=\box28
\UL@skip=\skip47
\UL@hook=\toks17
\UL@height=\dimen116
\UL@pe=\count95
\UL@pixel=\dimen117
\ULC@box=\box29
Package: ulem 2012/05/18
\ULdepth=\dimen118
)
(/usr/local/texlive/2018/texmf-dist/tex/latex/xcolor/xcolor.sty
Package: xcolor 2016/05/11 v2.12 LaTeX color extensions (UK)

(/usr/local/texlive/2018/texmf-dist/tex/latex/graphics-cfg/color.cfg
File: color.cfg 2016/01/02 v1.6 sample color configuration
)
Package xcolor Info: Driver file: pdftex.def on input line 225.
Package xcolor Info: Model `cmy' substituted by `cmy0' on input line 1348.
Package xcolor Info: Model `hsb' substituted by `rgb' on input line 1352.
Package xcolor Info: Model `RGB' extended on input line 1364.
Package xcolor Info: Model `HTML' substituted by `rgb' on input line 1366.
Package xcolor Info: Model `Hsb' substituted by `hsb' on input line 1367.
Package xcolor Info: Model `tHsb' substituted by `hsb' on input line 1368.
Package xcolor Info: Model `HSB' substituted by `hsb' on input line 1369.
Package xcolor Info: Model `Gray' substituted by `gray' on input line 1370.
Package xcolor Info: Model `wave' substituted by `hsb' on input line 1371.
)
(/usr/local/texlive/2018/texmf-dist/tex/latex/amsfonts/amssymb.sty
Package: amssymb 2013/01/14 v3.01 AMS font symbols

(/usr/local/texlive/2018/texmf-dist/tex/latex/amsfonts/amsfonts.sty
Package: amsfonts 2013/01/14 v3.01 Basic AMSFonts support
\@emptytoks=\toks18
\symAMSa=\mathgroup4
\symAMSb=\mathgroup5
LaTeX Font Info:    Overwriting math alphabet `\mathfrak' in version `bold'
(Font)                  U/euf/m/n --> U/euf/b/n on input line 106.
))
\bibhang=\skip48
\bibsep=\skip49
\enitdp@bibsection=\count96
\c@bibenumi=\count97
\c@bibenumii=\count98
\c@bibenumiii=\count99
\enitdp@bibenum=\count100

(/usr/local/texlive/2018/texmf-dist/tex/latex/fancyhdr/fancyhdr.sty
Package: fancyhdr 2017/06/30 v3.9a Extensive control of page headers and footer
s
\f@nch@headwidth=\skip50
\f@nch@O@elh=\skip51
\f@nch@O@erh=\skip52
\f@nch@O@olh=\skip53
\f@nch@O@orh=\skip54
\f@nch@O@elf=\skip55
\f@nch@O@erf=\skip56
\f@nch@O@olf=\skip57
\f@nch@O@orf=\skip58
)
(/usr/local/texlive/2018/texmf-dist/tex/latex/lastpage/lastpage.sty
Package: lastpage 2015/03/29 v1.2m Refers to last page's name (HMM; JPG)
)
\footpageshift=\skip59

(/usr/local/texlive/2018/texmf-dist/tex/latex/hyperref/hyperref.sty
Package: hyperref 2018/02/06 v6.86b Hypertext links for LaTeX

(/usr/local/texlive/2018/texmf-dist/tex/generic/oberdiek/hobsub-hyperref.sty
Package: hobsub-hyperref 2016/05/16 v1.14 Bundle oberdiek, subset hyperref (HO)


(/usr/local/texlive/2018/texmf-dist/tex/generic/oberdiek/hobsub-generic.sty
Package: hobsub-generic 2016/05/16 v1.14 Bundle oberdiek, subset generic (HO)
Package: hobsub 2016/05/16 v1.14 Construct package bundles (HO)
Package: infwarerr 2016/05/16 v1.4 Providing info/warning/error messages (HO)
Package: ltxcmds 2016/05/16 v1.23 LaTeX kernel commands for general use (HO)
Package: ifluatex 2016/05/16 v1.4 Provides the ifluatex switch (HO)
Package ifluatex Info: LuaTeX not detected.
Package hobsub Info: Skipping package `ifvtex' (already loaded).
Package: intcalc 2016/05/16 v1.2 Expandable calculations with integers (HO)
Package hobsub Info: Skipping package `ifpdf' (already loaded).
Package: etexcmds 2016/05/16 v1.6 Avoid name clashes with e-TeX commands (HO)
Package etexcmds Info: Could not find \expanded.
(etexcmds)             That can mean that you are not using pdfTeX 1.50 or
(etexcmds)             that some package has redefined \expanded.
(etexcmds)             In the latter case, load this package earlier.
Package: kvsetkeys 2016/05/16 v1.17 Key value parser (HO)
Package: kvdefinekeys 2016/05/16 v1.4 Define keys (HO)
Package: pdftexcmds 2018/01/30 v0.27 Utility functions of pdfTeX for LuaTeX (HO
)
Package pdftexcmds Info: LuaTeX not detected.
Package pdftexcmds Info: \pdf@primitive is available.
Package pdftexcmds Info: \pdf@ifprimitive is available.
Package pdftexcmds Info: \pdfdraftmode found.
Package: pdfescape 2016/05/16 v1.14 Implements pdfTeX's escape features (HO)
Package: bigintcalc 2016/05/16 v1.4 Expandable calculations on big integers (HO
)
Package: bitset 2016/05/16 v1.2 Handle bit-vector datatype (HO)
Package: uniquecounter 2016/05/16 v1.3 Provide unlimited unique counter (HO)
)
Package hobsub Info: Skipping package `hobsub' (already loaded).
Package: letltxmacro 2016/05/16 v1.5 Let assignment for LaTeX macros (HO)
Package: hopatch 2016/05/16 v1.3 Wrapper for package hooks (HO)
Package: xcolor-patch 2016/05/16 xcolor patch
Package: atveryend 2016/05/16 v1.9 Hooks at the very end of document (HO)
Package atveryend Info: \enddocument detected (standard20110627).
Package: atbegshi 2016/06/09 v1.18 At begin shipout hook (HO)
Package: refcount 2016/05/16 v3.5 Data extraction from label references (HO)
Package: hycolor 2016/05/16 v1.8 Color options for hyperref/bookmark (HO)
)
(/usr/local/texlive/2018/texmf-dist/tex/latex/oberdiek/auxhook.sty
Package: auxhook 2016/05/16 v1.4 Hooks for auxiliary files (HO)
)
(/usr/local/texlive/2018/texmf-dist/tex/latex/oberdiek/kvoptions.sty
Package: kvoptions 2016/05/16 v3.12 Key value format for package options (HO)
)
\@linkdim=\dimen119
\Hy@linkcounter=\count101
\Hy@pagecounter=\count102

(/usr/local/texlive/2018/texmf-dist/tex/latex/hyperref/pd1enc.def
File: pd1enc.def 2018/02/06 v6.86b Hyperref: PDFDocEncoding definition (HO)
Now handling font encoding PD1 ...
... no UTF-8 mapping file for font encoding PD1
)
\Hy@SavedSpaceFactor=\count103

(/usr/local/texlive/2018/texmf-dist/tex/latex/latexconfig/hyperref.cfg
File: hyperref.cfg 2002/06/06 v1.2 hyperref configuration of TeXLive
)
Package hyperref Info: Hyper figures OFF on input line 4509.
Package hyperref Info: Link nesting OFF on input line 4514.
Package hyperref Info: Hyper index ON on input line 4517.
Package hyperref Info: Plain pages OFF on input line 4524.
Package hyperref Info: Backreferencing OFF on input line 4529.
Package hyperref Info: Implicit mode ON; LaTeX internals redefined.
Package hyperref Info: Bookmarks ON on input line 4762.
\c@Hy@tempcnt=\count104

(/usr/local/texlive/2018/texmf-dist/tex/latex/url/url.sty
\Urlmuskip=\muskip10
Package: url 2013/09/16  ver 3.4  Verb mode for urls, etc.
)
LaTeX Info: Redefining \url on input line 5115.
\XeTeXLinkMargin=\dimen120
\Fld@menulength=\count105
\Field@Width=\dimen121
\Fld@charsize=\dimen122
Package hyperref Info: Hyper figures OFF on input line 6369.
Package hyperref Info: Link nesting OFF on input line 6374.
Package hyperref Info: Hyper index ON on input line 6377.
Package hyperref Info: backreferencing OFF on input line 6384.
Package hyperref Info: Link coloring OFF on input line 6389.
Package hyperref Info: Link coloring with OCG OFF on input line 6394.
Package hyperref Info: PDF/A mode OFF on input line 6399.
LaTeX Info: Redefining \ref on input line 6439.
LaTeX Info: Redefining \pageref on input line 6443.
\Hy@abspage=\count106
\c@Item=\count107
\c@Hfootnote=\count108
)
Package hyperref Info: Driver (autodetected): hpdftex.

(/usr/local/texlive/2018/texmf-dist/tex/latex/hyperref/hpdftex.def
File: hpdftex.def 2018/02/06 v6.86b Hyperref driver for pdfTeX
\Fld@listcount=\count109
\c@bookmark@seq@number=\count110

(/usr/local/texlive/2018/texmf-dist/tex/latex/oberdiek/rerunfilecheck.sty
Package: rerunfilecheck 2016/05/16 v1.8 Rerun checks for auxiliary files (HO)
Package uniquecounter Info: New unique counter `rerunfilecheck' on input line 2
82.
)
\Hy@SectionHShift=\skip60
)
Package hyperref Info: Option `colorlinks' set `true' on input line 125.
Package hyperref Info: Option `breaklinks' set `true' on input line 125.
\enitdp@outerlist=\count111
\enitdp@lonelist=\count112
\enitdp@innerlist=\count113
\enitdp@loneinnerlist=\count114

(./CV.aux

LaTeX Warning: Label `Cm17' multiply defined.


LaTeX Warning: Label `Cm5' multiply defined.


LaTeX Warning: Label `Cm4' multiply defined.


LaTeX Warning: Label `Cm3' multiply defined.


LaTeX Warning: Label `Cm2' multiply defined.

)
\openout1 = `CV.aux'.

LaTeX Font Info:    Checking defaults for OML/cmm/m/it on input line 190.
LaTeX Font Info:    ... okay on input line 190.
LaTeX Font Info:    Checking defaults for T1/cmr/m/n on input line 190.
LaTeX Font Info:    ... okay on input line 190.
LaTeX Font Info:    Checking defaults for OT1/cmr/m/n on input line 190.
LaTeX Font Info:    ... okay on input line 190.
LaTeX Font Info:    Checking defaults for OMS/cmsy/m/n on input line 190.
LaTeX Font Info:    ... okay on input line 190.
LaTeX Font Info:    Checking defaults for OMX/cmex/m/n on input line 190.
LaTeX Font Info:    ... okay on input line 190.
LaTeX Font Info:    Checking defaults for U/cmr/m/n on input line 190.
LaTeX Font Info:    ... okay on input line 190.
LaTeX Font Info:    Checking defaults for PD1/pdf/m/n on input line 190.
LaTeX Font Info:    ... okay on input line 190.
 (/usr/local/texlive/2018/texmf-dist/tex/context/base/mkii/supp-pdf.mkii
[Loading MPS to PDF converter (version 2006.09.02).]
\scratchcounter=\count115
\scratchdimen=\dimen123
\scratchbox=\box30
\nofMPsegments=\count116
\nofMParguments=\count117
\everyMPshowfont=\toks19
\MPscratchCnt=\count118
\MPscratchDim=\dimen124
\MPnumerator=\count119
\makeMPintoPDFobject=\count120
\everyMPtoPDFconversion=\toks20
) (/usr/local/texlive/2018/texmf-dist/tex/latex/oberdiek/epstopdf-base.sty
Package: epstopdf-base 2016/05/15 v2.6 Base part for package epstopdf

(/usr/local/texlive/2018/texmf-dist/tex/latex/oberdiek/grfext.sty
Package: grfext 2016/05/16 v1.2 Manage graphics extensions (HO)
)
Package epstopdf-base Info: Redefining graphics rule for `.eps' on input line 4
38.
Package grfext Info: Graphics extension search list:
(grfext)             [.pdf,.png,.jpg,.mps,.jpeg,.jbig2,.jb2,.PDF,.PNG,.JPG,.JPE
G,.JBIG2,.JB2,.eps]
(grfext)             \AppendGraphicsExtensions on input line 456.

(/usr/local/texlive/2018/texmf-dist/tex/latex/latexconfig/epstopdf-sys.cfg
File: epstopdf-sys.cfg 2010/07/13 v1.3 Configuration of (r)epstopdf for TeX Liv
e
))
*geometry* driver: auto-detecting
*geometry* detected driver: pdftex
*geometry* verbose mode - [ preamble ] result:
* driver: pdftex
* paper: letterpaper
* layout: <same size as paper>
* layoutoffset:(h,v)=(0.0pt,0.0pt)
* modes: includemp 
* h-part:(L,W,R)=(72.26999pt, 469.75502pt, 72.26999pt)
* v-part:(T,H,B)=(72.26999pt, 650.43001pt, 72.26999pt)
* \paperwidth=614.295pt
* \paperheight=794.96999pt
* \textwidth=379.41754pt
* \textheight=650.43001pt
* \oddsidemargin=90.33748pt
* \evensidemargin=90.33748pt
* \topmargin=-37.0pt
* \headheight=12.0pt
* \headsep=25.0pt
* \topskip=10.0pt
* \footskip=30.0pt
* \marginparwidth=86.72377pt
* \marginparsep=3.61371pt
* \columnsep=10.0pt
* \skip\footins=9.0pt plus 4.0pt minus 2.0pt
* \hoffset=0.0pt
* \voffset=0.0pt
* \mag=1000
* \@twocolumnfalse
* \@twosidefalse
* \@mparswitchfalse
* \@reversemargintrue
* (1in=72.27pt=25.4mm, 1cm=28.453pt)

Package lastpage Info: Please have a look at the pageslts package at
(lastpage)             https://www.ctan.org/pkg/pageslts
(lastpage)             ! on input line 190.
\AtBeginShipoutBox=\box31
Package hyperref Info: Link coloring ON on input line 190.
(/usr/local/texlive/2018/texmf-dist/tex/latex/hyperref/nameref.sty
Package: nameref 2016/05/21 v2.44 Cross-referencing by name of section

(/usr/local/texlive/2018/texmf-dist/tex/generic/oberdiek/gettitlestring.sty
Package: gettitlestring 2016/05/16 v1.5 Cleanup title references (HO)
)
\c@section@level=\count121
)
LaTeX Info: Redefining \ref on input line 190.
LaTeX Info: Redefining \pageref on input line 190.
LaTeX Info: Redefining \nameref on input line 190.

(./CV.out) (./CV.out)
\@outlinefile=\write3
\openout3 = `CV.out'.

\rcollength=\skip61
\spacewidth=\skip62

Underfull \hbox (badness 10000) in paragraph at lines 200--201

 []


Underfull \hbox (badness 10000) in paragraph at lines 202--210

 []


Overfull \hbox (29.58186pt too wide) in paragraph at lines 214--215
[][]\OT1/cmtt/m/n/10 cnax.servicelaboratory.ch[][]\OT1/cmr/m/n/10 , see the [][
]blog-post ded-i-cated to the event[][]: https://bit.ly/2tNtEhk
 []


Underfull \hbox (badness 10000) in paragraph at lines 214--215

 []

LaTeX Font Info:    Try loading font information for OMS+cmr on input line 218.

(/usr/local/texlive/2018/texmf-dist/tex/latex/base/omscmr.fd
File: omscmr.fd 2014/09/29 v2.5h Standard LaTeX font definitions
)
LaTeX Font Info:    Font shape `OMS/cmr/m/n' in size <10> not available
(Font)              Font shape `OMS/cmsy/m/n' tried instead on input line 218.
LaTeX Font Info:    Try loading font information for U+msa on input line 218.

(/usr/local/texlive/2018/texmf-dist/tex/latex/amsfonts/umsa.fd
File: umsa.fd 2013/01/14 v3.01 AMS symbols A
)
LaTeX Font Info:    Try loading font information for U+msb on input line 218.

(/usr/local/texlive/2018/texmf-dist/tex/latex/amsfonts/umsb.fd
File: umsb.fd 2013/01/14 v3.01 AMS symbols B
) [1

{/usr/local/texlive/2018/texmf-var/fonts/map/pdftex/updmap/pdftex.map}]
Underfull \hbox (badness 10000) in paragraph at lines 234--235

 []


Underfull \hbox (badness 10000) in paragraph at lines 244--247

 []

[2]
Underfull \hbox (badness 10000) in paragraph at lines 282--288

 []


Underfull \hbox (badness 10000) in paragraph at lines 282--288

 []


Underfull \hbox (badness 10000) in paragraph at lines 282--288

 []


Underfull \hbox (badness 10000) in paragraph at lines 289--296

 []


Underfull \hbox (badness 10000) in paragraph at lines 289--296

 []


Underfull \hbox (badness 10000) in paragraph at lines 297--300

 []

[3]
Underfull \hbox (badness 10000) in paragraph at lines 301--305

 []


Underfull \hbox (badness 10000) in paragraph at lines 306--309

 []


Underfull \hbox (badness 10000) in paragraph at lines 310--311

 []


Underfull \hbox (badness 10000) in paragraph at lines 312--315

 []

[4]
Underfull \hbox (badness 10000) in paragraph at lines 316--318

 []


Underfull \hbox (badness 10000) in paragraph at lines 319--324

 []


Underfull \hbox (badness 10000) in paragraph at lines 319--324

 []


Underfull \hbox (badness 10000) in paragraph at lines 325--330

 []


Underfull \hbox (badness 10000) in paragraph at lines 325--330

 []

[5]

Package hyperref Warning: Suppressing link with empty target on input line 337.



Underfull \hbox (badness 10000) in paragraph at lines 337--339

 []


Underfull \hbox (badness 10000) in paragraph at lines 337--339

 []


Package hyperref Warning: Suppressing link with empty target on input line 340.



Underfull \hbox (badness 10000) in paragraph at lines 340--341

 []


Underfull \hbox (badness 10000) in paragraph at lines 342--343

 []


Underfull \hbox (badness 10000) in paragraph at lines 358--359

 []


Underfull \hbox (badness 10000) in paragraph at lines 373--374

 []

[6]
Underfull \hbox (badness 10000) in paragraph at lines 401--404

 []


Overfull \hbox (6.19438pt too wide) in paragraph at lines 408--409
[]\OT1/cmr/m/n/10 Valentina Lenar-duzzi, Jeremy Daly, An-to-nio Mar-tini, $[]$,
 Damian
 []


Overfull \hbox (3.3749pt too wide) in paragraph at lines 411--412
[]\OT1/cmr/m/n/10 Yu Zhou, Yanqi Su, Taolue Chen, Zhiqiu Huang, Har-ald Gall, $
[]$:
 []


Overfull \hbox (12.12952pt too wide) in paragraph at lines 413--414
\OT1/cmr/bx/n/10 Prac-tices in Con-tin-u-ous In-te-gra-tion\OT1/cmr/m/n/10 . \O
T1/cmr/m/it/10 Em-pir-i-cal Soft-ware En-gi-neer-ing (EMSE)\OT1/cmr/m/n/10 . 
 []


Overfull \hbox (3.11105pt too wide) in paragraph at lines 414--415
[]\OT1/cmr/m/n/10 Giovanni Grano, Christoph Laaber, An-ni-bale Panichella, and 
$[]$:
 []


Overfull \hbox (2.58484pt too wide) in paragraph at lines 414--415
\OT1/cmr/bx/n/10 Test-ing with Fewer Re-sources: An Adap-tive Ap-proach to Perf
ormance-
 []


Underfull \hbox (badness 10000) in paragraph at lines 414--415

 []


Overfull \hbox (0.58647pt too wide) in paragraph at lines 415--416
\OT1/cmr/bx/n/10 ware In-for-mal Doc-u-men-ta-tion\OT1/cmr/m/n/10 . \OT1/cmr/m/
it/10 Trans-ac-tions on Soft-ware En-gi-neer-ing (TSE)
 []


Underfull \hbox (badness 10000) in paragraph at lines 415--416

 []

[7]
Underfull \hbox (badness 10000) in paragraph at lines 416--417

 []


Underfull \hbox (badness 10000) in paragraph at lines 418--419

 []


Underfull \hbox (badness 10000) in paragraph at lines 420--422

 []


Underfull \hbox (badness 10000) in paragraph at lines 426--428

 []


Underfull \hbox (badness 10000) in paragraph at lines 430--432

 []


Overfull \hbox (13.57396pt too wide) in paragraph at lines 432--434
\OT1/cmr/bx/n/10 Com-mu-nity Up-grades De-pen-den-cies\OT1/cmr/m/n/10 . \OT1/cm
r/m/it/10 Em-pir-i-cal Soft-ware En-gi-neer-ing (EMSE)
 []


Underfull \hbox (badness 10000) in paragraph at lines 443--445

 []


Underfull \hbox (badness 10000) in paragraph at lines 463--466

 []

[8]
Overfull \hbox (69.00008pt too wide) in paragraph at lines 468--469
[]\OT1/cmr/m/n/10 Usman Ashraf, Christoph Mayr-Dorn, Atif Mashkoor, Alexan-der 
Egyed, and $[]$:
 []


Overfull \hbox (12.44365pt too wide) in paragraph at lines 471--472
[]$\OT1/cmr/m/n/10 , Danielle Gon-za-lez, Mehdi Mi-rakhorli: \OT1/cmr/bx/n/10 D
eepTC-Enhancer:
 []


Overfull \hbox (10.90598pt too wide) in paragraph at lines 471--472
\OT1/cmr/bx/n/10 Im-prov-ing the Read-abil-ity of Au-to-mat-i-cally Gen-er-ated
 Tests. \OT1/cmr/m/it/10 IEEE/ACM
 []


Overfull \hbox (1.74992pt too wide) in paragraph at lines 474--475
[]\OT1/cmr/m/n/10 Usman Ashraf, Christoph Mayr-Dorn, Alexan-der Egyed, and $[]$
:
 []

[9]
Overfull \hbox (13.90164pt too wide) in paragraph at lines 481--482
[]\OT1/cmr/m/n/10 Diego Mar-tin, $[]$. \OT1/cmr/bx/n/10 The Cloud-i-fi-ca-tion 
Per-spec-tives of Search-
 []

[10] [11]
Underfull \hbox (badness 10000) in paragraph at lines 551--553

 []


Overfull \hbox (0.94022pt too wide) in paragraph at lines 553--554
\OT1/cmr/m/it/10 ware Main-te-nance and Evo-lu-tion \OT1/cmr/m/n/10 (IC-SME 201
4). Vic-to-ria, Canada. \OT1/cmr/m/it/10 Core RANK:
 []

[12]
Overfull \hbox (6.54306pt too wide) in paragraph at lines 560--562
\OT1/cmr/bx/n/10 Emerg-ing Col-lab-o-ra-tions Re-lates to Code Changes: an Em-p
ir-i-cal Study\OT1/cmr/m/n/10 .
 []

[13]
Underfull \hbox (badness 10000) in paragraph at lines 586--588

 []


Overfull \hbox (11.06934pt too wide) in paragraph at lines 619--620
[]\OT1/cmr/m/n/10 Harald C. Gall, Carol V. Alexan-dru, Adelina Ciu-rume-lea, Gi
o-vanni Grano, Christoph
 []

[14]
Overfull \hbox (0.98746pt too wide) in paragraph at lines 666--667
\OT1/cmr/bx/n/10 Emerg-ing Col-lab-o-ra-tions Re-lates to Code Changes: an Em-p
ir-i-cal Study\OT1/cmr/m/n/10 .
 []

[15]
Underfull \hbox (badness 10000) in paragraph at lines 688--689

 []


Underfull \hbox (badness 10000) in paragraph at lines 694--695

 []


Underfull \hbox (badness 10000) in paragraph at lines 699--701

 []


Underfull \hbox (badness 10000) in paragraph at lines 707--709

 []


Underfull \hbox (badness 10000) in paragraph at lines 713--715

 []


Underfull \hbox (badness 10000) in paragraph at lines 719--720

 []


Underfull \hbox (badness 10000) in paragraph at lines 720--721

 []


Package hyperref Warning: Suppressing link with empty target on input line 728.


[16]

Package hyperref Warning: Suppressing link with empty target on input line 735.



Underfull \hbox (badness 10000) in paragraph at lines 735--736

 []


Underfull \hbox (badness 10000) in paragraph at lines 774--775

 []


Package hyperref Warning: Suppressing link with empty target on input line 786.



Package hyperref Warning: Suppressing link with empty target on input line 789.



Underfull \hbox (badness 10000) in paragraph at lines 789--790

 []

[17]
Underfull \hbox (badness 10000) in paragraph at lines 807--808

 []


Package hyperref Warning: Suppressing link with empty target on input line 822.


[18]
Overfull \hbox (6.80437pt too wide) in paragraph at lines 859--864
\OT1/cmr/bx/n/10 Total project fund-ing: \OT1/cmr/m/n/10 Se-bas-tiano Panichell
a got di-rect fund-ing for around \OT1/cmr/bx/n/10 500,000
 []


Overfull \hbox (15.22214pt too wide) in paragraph at lines 868--871
[]\OT1/cmr/m/n/10 Sebastiano Panichella ob-tained fund-ing (as co-applicant) fo
r the SURF-MobileAppsData
 []


Overfull \hbox (3.28189pt too wide) in paragraph at lines 895--897
[]\OT1/cmr/bx/n/10 CSER 2013 - Con-cor-dia Uni-ver-sity down-town Montr^^Seal (
http://concordia.ca) 
 []

[19] [20]
Overfull \hbox (1.55536pt too wide) in paragraph at lines 966--969
\OT1/cmr/m/n/10 Requirements-Collector: Au-tomat-ing Re-quire-ments Spec-i-fi-c
a-tion from Elic-i-ta-tion Ses-
 []


Underfull \hbox (badness 10000) in paragraph at lines 984--985

 []


Underfull \hbox (badness 10000) in paragraph at lines 986--989

 []


Underfull \hbox (badness 10000) in paragraph at lines 990--992

 []


Underfull \hbox (badness 10000) in paragraph at lines 993--995

 []


Underfull \hbox (badness 10000) in paragraph at lines 996--998

 []


Underfull \hbox (badness 10000) in paragraph at lines 999--1001

 []


Underfull \hbox (badness 10000) in paragraph at lines 1002--1004

 []


Underfull \hbox (badness 10000) in paragraph at lines 1005--1015

 []

[21]
Underfull \hbox (badness 10000) in paragraph at lines 1016--1017

 []


Underfull \hbox (badness 10000) in paragraph at lines 1017--1018

 []


Underfull \hbox (badness 10000) in paragraph at lines 1018--1019

 []


Overfull \hbox (0.86328pt too wide) in paragraph at lines 1019--1024
\OT1/cmr/m/it/10 - BE-CLoMA: Aug-ment-ing Stack Traces with User Re-view In-for
-ma-tion \OT1/cmr/m/n/10 (SANER 2018). 
 []


Underfull \hbox (badness 10000) in paragraph at lines 1019--1024

 []


Overfull \hbox (0.86328pt too wide) in paragraph at lines 1026--1031
\OT1/cmr/m/it/10 - BE-CLoMA: Aug-ment-ing Stack Traces with User Re-view In-for
-ma-tion \OT1/cmr/m/n/10 (SANER 2018). 
 []


Underfull \hbox (badness 10000) in paragraph at lines 1043--1051

 []

[22]
Underfull \hbox (badness 10000) in paragraph at lines 1054--1056

 []


Underfull \hbox (badness 10000) in paragraph at lines 1057--1058

 []


Underfull \hbox (badness 10000) in paragraph at lines 1058--1059

 []


Underfull \hbox (badness 10000) in paragraph at lines 1060--1061

 []


Underfull \hbox (badness 10000) in paragraph at lines 1062--1063

 []


Underfull \hbox (badness 10000) in paragraph at lines 1064--1067

 []


Overfull \hbox (0.86328pt too wide) in paragraph at lines 1068--1071
\OT1/cmr/m/it/10 - BE-CLoMA: Aug-ment-ing Stack Traces with User Re-view In-for
-ma-tion \OT1/cmr/m/n/10 (SANER 2018). 
 []


Underfull \hbox (badness 10000) in paragraph at lines 1068--1071

 []

[23]
Overfull \hbox (0.86328pt too wide) in paragraph at lines 1100--1102
\OT1/cmr/m/it/10 - BE-CLoMA: Aug-ment-ing Stack Traces with User Re-view In-for
-ma-tion \OT1/cmr/m/n/10 (SANER 2018). 
 []


Underfull \hbox (badness 10000) in paragraph at lines 1100--1102

 []


Underfull \hbox (badness 10000) in paragraph at lines 1115--1120

 []


Underfull \hbox (badness 10000) in paragraph at lines 1122--1126

 []


Underfull \hbox (badness 10000) in paragraph at lines 1130--1135

 []


Underfull \hbox (badness 10000) in paragraph at lines 1130--1135

 []


Underfull \hbox (badness 10000) in paragraph at lines 1130--1135

 []

[24]
Underfull \hbox (badness 10000) in paragraph at lines 1136--1137

 []


Underfull \hbox (badness 10000) in paragraph at lines 1138--1154

 []


Underfull \hbox (badness 10000) in paragraph at lines 1138--1154

 []


Underfull \hbox (badness 10000) in paragraph at lines 1155--1156

 []


Underfull \hbox (badness 10000) in paragraph at lines 1155--1156

 []


Underfull \hbox (badness 10000) in paragraph at lines 1157--1158

 []


Underfull \hbox (badness 10000) in paragraph at lines 1159--1160

 []


Underfull \hbox (badness 10000) in paragraph at lines 1161--1168

 []


Underfull \hbox (badness 10000) in paragraph at lines 1161--1168

 []


Underfull \hbox (badness 10000) in paragraph at lines 1169--1171

 []


Underfull \hbox (badness 10000) in paragraph at lines 1169--1171

 []


Underfull \hbox (badness 10000) in paragraph at lines 1176--1177

 []

[25]
Underfull \hbox (badness 10000) in paragraph at lines 1189--1203

 []


Underfull \hbox (badness 10000) in paragraph at lines 1189--1203

 []


Underfull \hbox (badness 10000) in paragraph at lines 1189--1203

 []


! Package inputenc Error: Unicode character ​ (U+200B)
(inputenc)                not set up for use with LaTeX.

See the inputenc package documentation for explanation.
Type  H <return>  for immediate help.
 ...                                              
                                                  
l.1212 ...tit{Learning Goals}:   The Languages ​
                                                  ​and Grammars, JavaCC pa...

You may provide a definition with
\DeclareUnicodeCharacter 


! Package inputenc Error: Unicode character ​ (U+200B)
(inputenc)                not set up for use with LaTeX.

See the inputenc package documentation for explanation.
Type  H <return>  for immediate help.
 ...                                              
                                                  
l.1212 ...{Learning Goals}:   The Languages ​​
                                                  and Grammars, JavaCC parse...

You may provide a definition with
\DeclareUnicodeCharacter 


Underfull \hbox (badness 10000) in paragraph at lines 1205--1215

 []


Underfull \hbox (badness 10000) in paragraph at lines 1216--1221

 []


Package hyperref Warning: Suppressing link with empty target on input line 1240
.

[26]
Underfull \hbox (badness 10000) in paragraph at lines 1268--1269

 []


Package hyperref Warning: Suppressing link with empty target on input line 1294
.


Package hyperref Warning: Suppressing link with empty target on input line 1310
.


Overfull \hbox (35.21358pt too wide) in paragraph at lines 1321--1325
[][][] \OT1/cmr/bx/n/10 (Ad-vi-sor Dur-ing the PhD) Mas-si-m-il-iano Di Penta, 
Ph.D[][] \OT1/cmr/m/n/10 (e-mail: [][]dipenta@unisannio.it[][]) 
 []


Underfull \hbox (badness 10000) in paragraph at lines 1330--1331

 []


AED: lastpage setting LastPage
[27]
Package atveryend Info: Empty hook `BeforeClearDocument' on input line 1385.
Package atveryend Info: Empty hook `AfterLastShipout' on input line 1385.
 (./CV.aux)
Package atveryend Info: Executing hook `AtVeryEndDocument' on input line 1385.
Package atveryend Info: Executing hook `AtEndAfterFileList' on input line 1385.

Package rerunfilecheck Info: File `CV.out' has not changed.
(rerunfilecheck)             Checksum: 37871B6EA1F830CDC7924B9FF3F1AA97;1313.


LaTeX Warning: There were multiply-defined labels.

Package atveryend Info: Empty hook `AtVeryVeryEnd' on input line 1385.
 ) 
Here is how much of TeX's memory you used:
 7188 strings out of 492649
 102089 string characters out of 6129623
 211435 words of memory out of 5000000
 10843 multiletter control sequences out of 15000+600000
 11098 words of font info for 44 fonts, out of 8000000 for 9000
 1145 hyphenation exceptions out of 8191
 28i,13n,43p,1360b,466s stack positions out of 5000i,500n,10000p,200000b,80000s
</usr/local/texlive/2018/texmf-dist/fonts/type1/public/amsfonts/cm/cmbx10.pfb
></usr/local/texlive/2018/texmf-dist/fonts/type1/public/amsfonts/cm/cmbx12.pfb>
</usr/local/texlive/2018/texmf-dist/fonts/type1/public/amsfonts/cm/cmbxti10.pfb
></usr/local/texlive/2018/texmf-dist/fonts/type1/public/amsfonts/cm/cmcsc10.pfb
></usr/local/texlive/2018/texmf-dist/fonts/type1/public/amsfonts/cm/cmmi10.pfb>
</usr/local/texlive/2018/texmf-dist/fonts/type1/public/amsfonts/cm/cmr10.pfb></
usr/local/texlive/2018/texmf-dist/fonts/type1/public/amsfonts/cm/cmr6.pfb></usr
/local/texlive/2018/texmf-dist/fonts/type1/public/amsfonts/cm/cmr7.pfb></usr/lo
cal/texlive/2018/texmf-dist/fonts/type1/public/amsfonts/cm/cmr8.pfb></usr/local
/texlive/2018/texmf-dist/fonts/type1/public/amsfonts/cm/cmsy10.pfb></usr/local/
texlive/2018/texmf-dist/fonts/type1/public/amsfonts/cm/cmti10.pfb></usr/local/t
exlive/2018/texmf-dist/fonts/type1/public/amsfonts/cm/cmtt10.pfb></usr/local/te
xlive/2018/texmf-dist/fonts/type1/public/amsfonts/cm/cmtt9.pfb>
Output written on CV.pdf (27 pages, 276512 bytes).
PDF statistics:
 530 PDF objects out of 1000 (max. 8388607)
 483 compressed objects within 5 object streams
 147 named destinations out of 1000 (max. 500000)
 177 words of extra memory for PDF output out of 10000 (max. 10000000)

