\BOOKMARK [1][-]{section*.1}{Biographical Sketch}{}% 1
\BOOKMARK [1][-]{section*.2}{Contact Information}{}% 2
\BOOKMARK [1][-]{section*.3}{Research Interests}{}% 3
\BOOKMARK [1][-]{section*.4}{Academic Appointments}{}% 4
\BOOKMARK [1][-]{section*.5}{Academic Experience and History}{}% 5
\BOOKMARK [1][-]{section*.6}{Refereed Journal Publications}{}% 6
\BOOKMARK [1][-]{section*.7}{Conference Publications}{}% 7
\BOOKMARK [1][-]{section*.8}{Book chapters:}{}% 8
\BOOKMARK [1][-]{section*.9}{Awards}{}% 9
\BOOKMARK [1][-]{section*.10}{Nominated as Best Paper}{}% 10
\BOOKMARK [1][-]{section*.11}{Professional Services and Experiences}{}% 11
\BOOKMARK [1][-]{section*.12}{Grants and EU projects}{}% 12
\BOOKMARK [1][-]{section*.13}{Talks Given}{}% 13
\BOOKMARK [1][-]{section*.14}{PhD Students and Assistants Supervised}{}% 14
\BOOKMARK [1][-]{section*.15}{Master Students Supervised}{}% 15
\BOOKMARK [1][-]{section*.16}{Bachelor Students Supervised}{}% 16
\BOOKMARK [1][-]{section*.17}{Skills, Competencies gained during the PhD}{}% 17
\BOOKMARK [1][-]{section*.18}{Research Tools Implemented}{}% 18
\BOOKMARK [1][-]{section*.19}{Languages}{}% 19
\BOOKMARK [1][-]{section*.20}{Teaching Experience}{}% 20
\BOOKMARK [1][-]{section*.21}{Professional Memberships}{}% 21
\BOOKMARK [1][-]{section*.22}{References}{}% 22
